<?xml version="1.0" encoding="UTF-8"?>
<!-- Generated by org.testng.reporters.JUnitXMLReporter -->
<testsuite ignored="0" hostname="DESKTOP-OH6855E" failures="0" tests="3" name="Default test" time="36.938" errors="0" timestamp="2023-09-01T16:12:24 IST">
  <testcase classname="actionClass.ForgetPassword" name="forgetPassClick" time="26.892"/>
  <testcase classname="actionClass.ForgetPassword" name="enterRecoveryMail" time="4.114"/>
  <testcase classname="actionClass.ForgetPassword" name="recoverBtn" time="0.578"/>
</testsuite> <!-- Default test -->
