<?xml version="1.0" encoding="UTF-8"?>
<!-- Generated by org.testng.reporters.JUnitXMLReporter -->
<testsuite ignored="0" hostname="DESKTOP-OH6855E" failures="0" tests="4" name="Default test" time="24.958" errors="0" timestamp="2023-08-31T15:55:06 IST">
  <testcase classname="actionClass.LoginAction" name="loginclick" time="5.007"/>
  <testcase classname="actionClass.LoginAction" name="passCreds" time="6.641"/>
  <testcase classname="actionClass.LoginAction" name="login" time="2.621"/>
  <testcase classname="actionClass.LoginAction" name="logout" time="0.048"/>
</testsuite> <!-- Default test -->
