<?xml version="1.0" encoding="UTF-8"?>
<testng-results ignored="0" total="4" passed="4" failed="0" skipped="0">
  <reporter-output>
  </reporter-output>
  <suite started-at="2023-08-31T17:32:27 IST" name="Default suite" finished-at="2023-08-31T17:32:58 IST" duration-ms="31464">
    <groups>
    </groups>
    <test started-at="2023-08-31T17:32:27 IST" name="Default test" finished-at="2023-08-31T17:32:58 IST" duration-ms="31464">
      <class name="actionClass.LoginAction">
        <test-method is-config="true" signature="invokeBrowser()[pri:0, instance:actionClass.LoginAction@38e79ae3]" started-at="2023-08-31T17:32:27 IST" name="invokeBrowser" finished-at="2023-08-31T17:32:31 IST" duration-ms="4294" status="PASS">
          <reporter-output>
          </reporter-output>
        </test-method> <!-- invokeBrowser -->
        <test-method is-config="true" signature="startTest()[pri:0, instance:actionClass.LoginAction@38e79ae3]" started-at="2023-08-31T17:32:31 IST" name="startTest" finished-at="2023-08-31T17:32:31 IST" duration-ms="350" status="PASS">
          <reporter-output>
          </reporter-output>
        </test-method> <!-- startTest -->
        <test-method signature="loginclick()[pri:0, instance:actionClass.LoginAction@38e79ae3]" started-at="2023-08-31T17:32:31 IST" name="loginclick" finished-at="2023-08-31T17:32:39 IST" duration-ms="7658" status="PASS">
          <reporter-output>
          </reporter-output>
        </test-method> <!-- loginclick -->
        <test-method signature="passCreds()[pri:1, instance:actionClass.LoginAction@38e79ae3]" started-at="2023-08-31T17:32:39 IST" name="passCreds" finished-at="2023-08-31T17:32:46 IST" duration-ms="6535" status="PASS">
          <reporter-output>
          </reporter-output>
        </test-method> <!-- passCreds -->
        <test-method signature="login()[pri:2, instance:actionClass.LoginAction@38e79ae3]" started-at="2023-08-31T17:32:46 IST" name="login" finished-at="2023-08-31T17:32:51 IST" duration-ms="5500" status="PASS">
          <reporter-output>
          </reporter-output>
        </test-method> <!-- login -->
        <test-method signature="logout()[pri:3, instance:actionClass.LoginAction@38e79ae3]" started-at="2023-08-31T17:32:51 IST" name="logout" finished-at="2023-08-31T17:32:53 IST" duration-ms="1624" status="PASS">
          <reporter-output>
          </reporter-output>
        </test-method> <!-- logout -->
        <test-method is-config="true" signature="dummy()[pri:0, instance:actionClass.LoginAction@38e79ae3]" started-at="2023-08-31T17:32:53 IST" name="dummy" finished-at="2023-08-31T17:32:53 IST" duration-ms="1" status="PASS">
          <reporter-output>
          </reporter-output>
        </test-method> <!-- dummy -->
        <test-method is-config="true" signature="quitBrowser()[pri:0, instance:actionClass.LoginAction@38e79ae3]" started-at="2023-08-31T17:32:53 IST" name="quitBrowser" finished-at="2023-08-31T17:32:58 IST" duration-ms="5342" status="PASS">
          <reporter-output>
          </reporter-output>
        </test-method> <!-- quitBrowser -->
      </class> <!-- actionClass.LoginAction -->
    </test> <!-- Default test -->
  </suite> <!-- Default suite -->
</testng-results>
