<?xml version="1.0" encoding="UTF-8"?>
<testng-results ignored="0" total="4" passed="4" failed="0" skipped="0">
  <reporter-output>
  </reporter-output>
  <suite started-at="2023-08-31T15:54:41 IST" name="Default suite" finished-at="2023-08-31T15:55:06 IST" duration-ms="24958">
    <groups>
    </groups>
    <test started-at="2023-08-31T15:54:41 IST" name="Default test" finished-at="2023-08-31T15:55:06 IST" duration-ms="24958">
      <class name="actionClass.LoginAction">
        <test-method is-config="true" signature="invokeBrowser()[pri:0, instance:actionClass.LoginAction@1dac5ef]" started-at="2023-08-31T15:54:41 IST" name="invokeBrowser" finished-at="2023-08-31T15:54:46 IST" duration-ms="4222" status="PASS">
          <reporter-output>
          </reporter-output>
        </test-method> <!-- invokeBrowser -->
        <test-method signature="loginclick()[pri:0, instance:actionClass.LoginAction@1dac5ef]" started-at="2023-08-31T15:54:46 IST" name="loginclick" finished-at="2023-08-31T15:54:51 IST" duration-ms="5007" status="PASS">
          <reporter-output>
          </reporter-output>
        </test-method> <!-- loginclick -->
        <test-method signature="passCreds()[pri:1, instance:actionClass.LoginAction@1dac5ef]" started-at="2023-08-31T15:54:51 IST" name="passCreds" finished-at="2023-08-31T15:54:57 IST" duration-ms="6641" status="PASS">
          <reporter-output>
          </reporter-output>
        </test-method> <!-- passCreds -->
        <test-method signature="login()[pri:2, instance:actionClass.LoginAction@1dac5ef]" started-at="2023-08-31T15:54:57 IST" name="login" finished-at="2023-08-31T15:55:00 IST" duration-ms="2621" status="PASS">
          <reporter-output>
          </reporter-output>
        </test-method> <!-- login -->
        <test-method signature="logout()[pri:3, instance:actionClass.LoginAction@1dac5ef]" started-at="2023-08-31T15:55:00 IST" name="logout" finished-at="2023-08-31T15:55:00 IST" duration-ms="48" status="PASS">
          <reporter-output>
          </reporter-output>
        </test-method> <!-- logout -->
        <test-method is-config="true" signature="quitBrowser()[pri:0, instance:actionClass.LoginAction@1dac5ef]" started-at="2023-08-31T15:55:00 IST" name="quitBrowser" finished-at="2023-08-31T15:55:06 IST" duration-ms="6247" status="PASS">
          <reporter-output>
          </reporter-output>
        </test-method> <!-- quitBrowser -->
      </class> <!-- actionClass.LoginAction -->
    </test> <!-- Default test -->
  </suite> <!-- Default suite -->
</testng-results>
